build/outputs/logs/manifest-merger-debug-report.txt
-- Merging decision tree log ---
manifest
ADDED from AndroidManifest.xml:2:1
	package
		ADDED from AndroidManifest.xml:3:7
	android:versionName
		ADDED from AndroidManifest.xml:5:7
	android:versionCode
		ADDED from AndroidManifest.xml:4:7
		INJECTED from AndroidManifest.xml:0:0
		INJECTED from AndroidManifest.xml:0:0
	xmlns:android
		ADDED from AndroidManifest.xml:2:11
uses-permission#android.permission.VIBRATE
ADDED from AndroidManifest.xml:6:7
	android:name
		ADDED from AndroidManifest.xml:6:24
uses-permission#android.permission.READ_PHONE_STATE
ADDED from AndroidManifest.xml:7:7
	android:name
		ADDED from AndroidManifest.xml:7:24
uses-permission#android.permission.CALL_PHONE
ADDED from AndroidManifest.xml:8:7
	android:name
		ADDED from AndroidManifest.xml:8:24
application
ADDED from AndroidManifest.xml:9:5
	android:label
		ADDED from AndroidManifest.xml:9:48
	android:icon
		ADDED from AndroidManifest.xml:9:18
activity#lovefang.stadyService.MainStadyServics
ADDED from AndroidManifest.xml:10:9
	android:label
		ADDED from AndroidManifest.xml:11:19
	android:name
		ADDED from AndroidManifest.xml:10:19
intent-filter#android.intent.action.MAIN+android.intent.category.LAUNCHER
ADDED from AndroidManifest.xml:12:13
action#android.intent.action.MAIN
ADDED from AndroidManifest.xml:13:17
	android:name
		ADDED from AndroidManifest.xml:13:25
category#android.intent.category.LAUNCHER
ADDED from AndroidManifest.xml:14:17
	android:name
		ADDED from AndroidManifest.xml:14:27
activity#lovefang.stadyService.UseBrider
ADDED from AndroidManifest.xml:17:9
	android:name
		ADDED from AndroidManifest.xml:17:19
service#lovefang.stadyService.CountService
ADDED from AndroidManifest.xml:19:6
	android:name
		ADDED from AndroidManifest.xml:19:15
activity#lovefang.stadyService.UseBroadcast
ADDED from AndroidManifest.xml:20:3
	android:name
		ADDED from AndroidManifest.xml:20:13
receiver#lovefang.stadyService.UseBroadcastReceiver
ADDED from AndroidManifest.xml:21:3
	android:name
		ADDED from AndroidManifest.xml:21:13
intent-filter#lovefang.stadyService
ADDED from AndroidManifest.xml:22:4
action#lovefang.stadyService
ADDED from AndroidManifest.xml:23:5
	android:name
		ADDED from AndroidManifest.xml:23:13
activity#lovefang.stadyService.UseNotification
ADDED from AndroidManifest.xml:26:2
	android:name
		ADDED from AndroidManifest.xml:26:12
activity#lovefang.stadyService.UseAlarmManager
ADDED from AndroidManifest.xml:27:2
	android:name
		ADDED from AndroidManifest.xml:27:12
activity#lovefang.stadyService.UseHandleMessage
ADDED from AndroidManifest.xml:28:2
	android:name
		ADDED from AndroidManifest.xml:28:12
activity#lovefang.stadyService.UseAsyncTask
ADDED from AndroidManifest.xml:29:2
	android:name
		ADDED from AndroidManifest.xml:29:12
activity#lovefang.stadyService.UsePhoneState
ADDED from AndroidManifest.xml:30:2
	android:name
		ADDED from AndroidManifest.xml:30:12
activity#lovefang.stadyService.UseActionCall
ADDED from AndroidManifest.xml:31:2
	android:name
		ADDED from AndroidManifest.xml:31:12
activity#lovefang.stadyService.UseVibrator
ADDED from AndroidManifest.xml:32:2
	android:name
		ADDED from AndroidManifest.xml:32:12
uses-sdk
ADDED from AndroidManifest.xml:34:5
	android:minSdkVersion
		ADDED from AndroidManifest.xml:34:15